{"/Users/diego.becco/Documents/senpai/fsdbpt5/server/services/operations.js": {"path":"/Users/diego.becco/Documents/senpai/fsdbpt5/server/services/operations.js","all":false,"statementMap":{"0":{"start":{"line":1,"column":0},"end":{"line":1,"column":25}},"1":{"start":{"line":2,"column":0},"end":{"line":2,"column":24}},"2":{"start":{"line":3,"column":0},"end":{"line":3,"column":0}},"3":{"start":{"line":4,"column":0},"end":{"line":4,"column":0}},"4":{"start":{"line":5,"column":0},"end":{"line":5,"column":0}},"5":{"start":{"line":6,"column":0},"end":{"line":6,"column":18}},"6":{"start":{"line":7,"column":0},"end":{"line":7,"column":11}},"7":{"start":{"line":8,"column":0},"end":{"line":8,"column":1}}},"s":{"0":1,"1":1,"2":1,"3":1,"4":1,"5":1,"6":1,"7":1},"branchMap":{"0":{"type":"branch","line":1,"loc":{"start":{"line":1,"column":12},"end":{"line":1,"column":24}},"locations":[{"start":{"line":1,"column":12},"end":{"line":1,"column":24}}]},"1":{"type":"branch","line":2,"loc":{"start":{"line":2,"column":12},"end":{"line":2,"column":24}},"locations":[{"start":{"line":2,"column":12},"end":{"line":2,"column":24}}]}},"b":{"0":[2],"1":[1]},"fnMap":{"0":{"name":"sum","decl":{"start":{"line":1,"column":12},"end":{"line":1,"column":24}},"loc":{"start":{"line":1,"column":12},"end":{"line":1,"column":24}},"line":1},"1":{"name":"sub","decl":{"start":{"line":2,"column":12},"end":{"line":2,"column":24}},"loc":{"start":{"line":2,"column":12},"end":{"line":2,"column":24}},"line":2}},"f":{"0":2,"1":1}}
,"/Users/diego.becco/Documents/senpai/fsdbpt5/server/services/tasks.js": {"path":"/Users/diego.becco/Documents/senpai/fsdbpt5/server/services/tasks.js","all":false,"statementMap":{"0":{"start":{"line":1,"column":0},"end":{"line":1,"column":0}},"1":{"start":{"line":2,"column":0},"end":{"line":2,"column":21}},"2":{"start":{"line":3,"column":0},"end":{"line":3,"column":32}},"3":{"start":{"line":4,"column":0},"end":{"line":4,"column":80}},"4":{"start":{"line":5,"column":0},"end":{"line":5,"column":5}},"5":{"start":{"line":6,"column":0},"end":{"line":6,"column":29}},"6":{"start":{"line":7,"column":0},"end":{"line":7,"column":66}},"7":{"start":{"line":8,"column":0},"end":{"line":8,"column":5}},"8":{"start":{"line":9,"column":0},"end":{"line":9,"column":38}},"9":{"start":{"line":10,"column":0},"end":{"line":10,"column":66}},"10":{"start":{"line":11,"column":0},"end":{"line":11,"column":5}},"11":{"start":{"line":12,"column":0},"end":{"line":12,"column":117}},"12":{"start":{"line":13,"column":0},"end":{"line":13,"column":76}},"13":{"start":{"line":14,"column":0},"end":{"line":14,"column":5}},"14":{"start":{"line":15,"column":0},"end":{"line":15,"column":19}},"15":{"start":{"line":16,"column":0},"end":{"line":16,"column":1}},"16":{"start":{"line":17,"column":0},"end":{"line":17,"column":24}},"17":{"start":{"line":18,"column":0},"end":{"line":18,"column":15}},"18":{"start":{"line":19,"column":0},"end":{"line":19,"column":1}},"19":{"start":{"line":20,"column":0},"end":{"line":20,"column":0}},"20":{"start":{"line":21,"column":0},"end":{"line":21,"column":0}},"21":{"start":{"line":22,"column":0},"end":{"line":22,"column":13}},"22":{"start":{"line":23,"column":0},"end":{"line":23,"column":5}},"23":{"start":{"line":24,"column":0},"end":{"line":24,"column":43}},"24":{"start":{"line":25,"column":0},"end":{"line":25,"column":35}},"25":{"start":{"line":26,"column":0},"end":{"line":26,"column":15}},"26":{"start":{"line":27,"column":0},"end":{"line":27,"column":8}},"27":{"start":{"line":28,"column":0},"end":{"line":28,"column":7}},"28":{"start":{"line":29,"column":0},"end":{"line":29,"column":36}},"29":{"start":{"line":30,"column":0},"end":{"line":30,"column":38}},"30":{"start":{"line":31,"column":0},"end":{"line":31,"column":15}},"31":{"start":{"line":32,"column":0},"end":{"line":32,"column":8}},"32":{"start":{"line":33,"column":0},"end":{"line":33,"column":7}},"33":{"start":{"line":34,"column":0},"end":{"line":34,"column":26}},"34":{"start":{"line":35,"column":0},"end":{"line":35,"column":35}},"35":{"start":{"line":36,"column":0},"end":{"line":36,"column":15}},"36":{"start":{"line":37,"column":0},"end":{"line":37,"column":7}},"37":{"start":{"line":38,"column":0},"end":{"line":38,"column":1}},"38":{"start":{"line":39,"column":0},"end":{"line":39,"column":0}},"39":{"start":{"line":40,"column":0},"end":{"line":40,"column":28}}},"s":{"0":1,"1":1,"2":4,"3":1,"4":1,"5":4,"6":1,"7":1,"8":4,"9":0,"10":0,"11":4,"12":1,"13":1,"14":1,"15":1,"16":1,"17":0,"18":0,"19":1,"20":1,"21":1,"22":1,"23":1,"24":1,"25":1,"26":1,"27":1,"28":1,"29":1,"30":1,"31":1,"32":1,"33":1,"34":1,"35":1,"36":1,"37":1,"38":1,"39":1},"branchMap":{"0":{"type":"branch","line":2,"loc":{"start":{"line":2,"column":13},"end":{"line":16,"column":1}},"locations":[{"start":{"line":2,"column":13},"end":{"line":16,"column":1}}]},"1":{"type":"branch","line":3,"loc":{"start":{"line":3,"column":31},"end":{"line":5,"column":5}},"locations":[{"start":{"line":3,"column":31},"end":{"line":5,"column":5}}]},"2":{"type":"branch","line":5,"loc":{"start":{"line":5,"column":4},"end":{"line":6,"column":28}},"locations":[{"start":{"line":5,"column":4},"end":{"line":6,"column":28}}]},"3":{"type":"branch","line":6,"loc":{"start":{"line":6,"column":28},"end":{"line":9,"column":37}},"locations":[{"start":{"line":6,"column":28},"end":{"line":9,"column":37}}]},"4":{"type":"branch","line":6,"loc":{"start":{"line":6,"column":28},"end":{"line":8,"column":5}},"locations":[{"start":{"line":6,"column":28},"end":{"line":8,"column":5}}]},"5":{"type":"branch","line":9,"loc":{"start":{"line":9,"column":37},"end":{"line":11,"column":5}},"locations":[{"start":{"line":9,"column":37},"end":{"line":11,"column":5}}]},"6":{"type":"branch","line":11,"loc":{"start":{"line":11,"column":4},"end":{"line":12,"column":77}},"locations":[{"start":{"line":11,"column":4},"end":{"line":12,"column":77}}]},"7":{"type":"branch","line":12,"loc":{"start":{"line":12,"column":40},"end":{"line":12,"column":77}},"locations":[{"start":{"line":12,"column":40},"end":{"line":12,"column":77}}]},"8":{"type":"branch","line":12,"loc":{"start":{"line":12,"column":77},"end":{"line":12,"column":115}},"locations":[{"start":{"line":12,"column":77},"end":{"line":12,"column":115}}]},"9":{"type":"branch","line":12,"loc":{"start":{"line":12,"column":116},"end":{"line":16,"column":1}},"locations":[{"start":{"line":12,"column":116},"end":{"line":16,"column":1}}]}},"b":{"0":[4],"1":[1],"2":[3],"3":[2],"4":[1],"5":[0],"6":[2],"7":[1],"8":[1],"9":[1]},"fnMap":{"0":{"name":"add","decl":{"start":{"line":2,"column":13},"end":{"line":16,"column":1}},"loc":{"start":{"line":2,"column":13},"end":{"line":16,"column":1}},"line":2},"1":{"name":"edit","decl":{"start":{"line":17,"column":14},"end":{"line":19,"column":1}},"loc":{"start":{"line":17,"column":14},"end":{"line":19,"column":1}},"line":17}},"f":{"0":4,"1":0}}
}
