TN:
SF:services/operations.js
FN:1,sum
FN:2,sub
FNF:2
FNH:2
FNDA:2,sum
FNDA:1,sub
DA:1,1
DA:2,1
DA:3,1
DA:4,1
DA:5,1
DA:6,1
DA:7,1
DA:8,1
LF:8
LH:8
BRDA:1,0,0,2
BRDA:2,1,0,1
BRF:2
BRH:2
end_of_record
TN:
SF:services/tasks.js
FN:2,add
FN:17,edit
FNF:2
FNH:1
FNDA:4,add
FNDA:0,edit
DA:1,1
DA:2,1
DA:3,4
DA:4,1
DA:5,1
DA:6,4
DA:7,1
DA:8,1
DA:9,4
DA:10,0
DA:11,0
DA:12,4
DA:13,1
DA:14,1
DA:15,1
DA:16,1
DA:17,1
DA:18,0
DA:19,0
DA:20,1
DA:21,1
DA:22,1
DA:23,1
DA:24,1
DA:25,1
DA:26,1
DA:27,1
DA:28,1
DA:29,1
DA:30,1
DA:31,1
DA:32,1
DA:33,1
DA:34,1
DA:35,1
DA:36,1
DA:37,1
DA:38,1
DA:39,1
DA:40,1
LF:40
LH:36
BRDA:2,0,0,4
BRDA:3,1,0,1
BRDA:5,2,0,3
BRDA:6,3,0,2
BRDA:6,4,0,1
BRDA:9,5,0,0
BRDA:11,6,0,2
BRDA:12,7,0,1
BRDA:12,8,0,1
BRDA:12,9,0,1
BRF:10
BRH:9
end_of_record
